TN:
SF:/Users/juancortabarria/Documents/TallerObligatorio/obligatorio_taller/Trabajo1/contracts/Deploy.sol
FN:13,constructor
FNF:1
FNH:0
FNDA:0,constructor
DA:15,0
DA:18,0
DA:21,0
DA:24,0
DA:27,0
LF:5
LH:0
BRF:0
BRH:0
end_of_record
TN:
SF:/Users/juancortabarria/Documents/TallerObligatorio/obligatorio_taller/Trabajo1/contracts/OrtToken.sol
FN:12,constructor
FNF:1
FNH:1
FNDA:16,constructor
DA:13,16
LF:1
LH:1
BRF:0
BRH:0
end_of_record
TN:
SF:/Users/juancortabarria/Documents/TallerObligatorio/obligatorio_taller/Trabajo1/contracts/StakeForNFT.sol
FN:36,constructor
FN:49,stake
FN:75,claimNFTs
FN:100,mintNFTsToUser
FN:124,generateMetadata
FN:145,_mintNFT
FN:152,uint2str
FN:177,toHexString
FN:192,char
FNF:9
FNH:9
FNDA:16,constructor
FNDA:9,stake
FNDA:2,claimNFTs
FNDA:1,mintNFTsToUser
FNDA:3,generateMetadata
FNDA:3,_mintNFT
FNDA:3,uint2str
FNDA:3,toHexString
FNDA:120,char
DA:37,16
DA:38,16
DA:40,16
DA:41,16
DA:42,16
DA:50,9
DA:51,8
DA:52,7
DA:53,6
DA:56,5
DA:57,5
DA:60,5
DA:61,5
DA:62,5
DA:63,5
DA:66,5
DA:69,5
DA:76,2
DA:78,2
DA:79,2
DA:81,2
DA:82,2
DA:85,1
DA:88,1
DA:91,1
DA:94,1
DA:102,1
DA:104,1
DA:106,3
DA:109,3
DA:110,3
DA:111,1
DA:115,1
DA:128,3
DA:129,3
DA:139,3
DA:146,3
DA:153,3
DA:154,1
DA:156,2
DA:157,2
DA:158,2
DA:159,2
DA:160,2
DA:162,2
DA:163,2
DA:164,2
DA:165,2
DA:166,2
DA:167,2
DA:168,2
DA:169,2
DA:171,2
DA:178,3
DA:179,3
DA:180,60
DA:181,60
DA:182,60
DA:183,60
DA:184,60
DA:186,3
DA:193,120
LF:62
LH:62
BRDA:37,1,0,16
BRDA:37,1,1,0
BRDA:38,2,0,16
BRDA:38,2,1,0
BRDA:50,3,0,8
BRDA:50,3,1,1
BRDA:51,4,0,7
BRDA:51,4,1,1
BRDA:52,5,0,6
BRDA:52,5,1,1
BRDA:53,6,0,5
BRDA:53,6,1,1
BRDA:57,7,0,5
BRDA:57,7,1,0
BRDA:76,8,0,2
BRDA:76,8,1,0
BRDA:81,9,0,2
BRDA:81,9,1,0
BRDA:82,10,0,1
BRDA:82,10,1,1
BRDA:110,11,0,1
BRDA:110,11,1,2
BRDA:153,12,0,1
BRDA:153,12,1,2
BRDA:193,13,0,84
BRDA:193,13,1,36
BRF:26
BRH:21
end_of_record
TN:
SF:/Users/juancortabarria/Documents/TallerObligatorio/obligatorio_taller/Trabajo1/contracts/UyArt.sol
FN:52,constructor
FN:59,setStakingContract
FN:67,name
FN:74,symbol
FN:81,tokenURI
FN:95,_baseURI
FN:102,balanceOf
FN:110,ownerOf
FN:119,_transfer
FN:140,transferFrom
FN:149,safeTransferFrom
FN:156,safeTransferFrom
FN:168,approve
FN:182,_approve
FN:190,getApproved
FN:198,setApprovalForAll
FN:207,isApprovedForAll
FN:214,_isApprovedOrOwner
FN:223,_exists
FN:230,mint
FN:238,_mint
FN:260,totalSupply
FN:267,maxSupply
FN:274,generateTokenURI
FN:282,tokensOfOwner
FNF:25
FNH:21
FNDA:16,constructor
FNDA:29,setStakingContract
FNDA:1,name
FNDA:1,symbol
FNDA:2,tokenURI
FNDA:1,_baseURI
FNDA:4,balanceOf
FNDA:25,ownerOf
FNDA:5,_transfer
FNDA:6,transferFrom
FNDA:0,safeTransferFrom
FNDA:0,safeTransferFrom
FNDA:2,approve
FNDA:6,_approve
FNDA:1,getApproved
FNDA:2,setApprovalForAll
FNDA:3,isApprovedForAll
FNDA:6,_isApprovedOrOwner
FNDA:9,_exists
FNDA:121,mint
FNDA:120,_mint
FNDA:4,totalSupply
FNDA:0,maxSupply
FNDA:0,generateTokenURI
FNDA:2,tokensOfOwner
DA:53,16
DA:60,29
DA:61,28
DA:68,1
DA:75,1
DA:82,2
DA:83,1
DA:85,1
DA:86,1
DA:89,0
DA:96,1
DA:103,4
DA:104,4
DA:111,25
DA:112,25
DA:113,24
DA:120,5
DA:121,5
DA:124,5
DA:127,5
DA:128,5
DA:131,5
DA:134,5
DA:141,6
DA:142,5
DA:150,0
DA:157,0
DA:158,0
DA:169,2
DA:170,1
DA:171,1
DA:176,1
DA:183,6
DA:184,6
DA:191,1
DA:192,1
DA:199,2
DA:200,1
DA:201,1
DA:208,3
DA:215,6
DA:216,6
DA:217,6
DA:224,9
DA:231,121
DA:232,120
DA:239,120
DA:240,120
DA:242,119
DA:243,119
DA:245,119
DA:246,119
DA:248,119
DA:249,119
DA:252,119
DA:254,119
DA:261,4
DA:268,0
DA:275,0
DA:283,2
DA:285,2
DA:286,1
DA:288,1
DA:289,1
DA:292,1
DA:293,3
DA:294,3
DA:295,3
DA:299,1
LF:69
LH:63
BRDA:60,1,0,28
BRDA:60,1,1,1
BRDA:82,2,0,1
BRDA:82,2,1,1
BRDA:85,3,0,1
BRDA:85,3,1,0
BRDA:103,4,0,4
BRDA:103,4,1,0
BRDA:112,5,0,24
BRDA:112,5,1,1
BRDA:120,6,0,5
BRDA:120,6,1,0
BRDA:121,7,0,5
BRDA:121,7,1,0
BRDA:141,8,0,5
BRDA:141,8,1,1
BRDA:157,9,0,0
BRDA:157,9,1,0
BRDA:170,10,0,1
BRDA:170,10,1,0
BRDA:171,11,0,1
BRDA:171,11,1,0
BRDA:172,12,0,1
BRDA:172,12,1,0
BRDA:191,13,0,1
BRDA:191,13,1,0
BRDA:199,14,0,1
BRDA:199,14,1,1
BRDA:215,15,0,6
BRDA:215,15,1,0
BRDA:217,16,0,3
BRDA:217,16,1,1
BRDA:217,17,0,1
BRDA:217,17,1,1
BRDA:231,18,0,120
BRDA:231,18,1,1
BRDA:239,19,0,120
BRDA:239,19,1,0
BRDA:240,20,0,119
BRDA:240,20,1,1
BRDA:248,21,0,119
BRDA:248,21,1,0
BRDA:285,22,0,1
BRDA:285,22,1,1
BRDA:293,23,0,3
BRDA:293,23,1,0
BRF:46
BRH:32
end_of_record
