{"contracts/Deploy.sol":{"l":{"15":0,"18":0,"21":0,"24":0,"27":0},"path":"/Users/juancortabarria/Documents/TallerObligatorio/obligatorio_taller/Trabajo1/contracts/Deploy.sol","s":{"1":0,"2":0},"b":{},"f":{"1":0},"fnMap":{"1":{"name":"constructor","line":13,"loc":{"start":{"line":13,"column":4},"end":{"line":28,"column":4}}}},"statementMap":{"1":{"start":{"line":24,"column":8},"end":{"line":24,"column":47}},"2":{"start":{"line":27,"column":8},"end":{"line":27,"column":50}}},"branchMap":{}},"contracts/OrtToken.sol":{"l":{"13":16},"path":"/Users/juancortabarria/Documents/TallerObligatorio/obligatorio_taller/Trabajo1/contracts/OrtToken.sol","s":{"1":16},"b":{},"f":{"1":16},"fnMap":{"1":{"name":"constructor","line":12,"loc":{"start":{"line":12,"column":4},"end":{"line":14,"column":4}}}},"statementMap":{"1":{"start":{"line":13,"column":8},"end":{"line":13,"column":39}}},"branchMap":{}},"contracts/StakeForNFT.sol":{"l":{"37":16,"38":16,"40":16,"41":16,"42":16,"50":9,"51":8,"52":7,"53":6,"56":5,"57":5,"60":5,"61":5,"62":5,"63":5,"66":5,"69":5,"76":2,"78":2,"79":2,"81":2,"82":2,"85":1,"88":1,"91":1,"94":1,"102":1,"104":1,"106":3,"109":3,"110":3,"111":1,"115":1,"128":3,"129":3,"139":3,"146":3,"153":3,"154":1,"156":2,"157":2,"158":2,"159":2,"160":2,"162":2,"163":2,"164":2,"165":2,"166":2,"167":2,"168":2,"169":2,"171":2,"178":3,"179":3,"180":60,"181":60,"182":60,"183":60,"184":60,"186":3,"193":120},"path":"/Users/juancortabarria/Documents/TallerObligatorio/obligatorio_taller/Trabajo1/contracts/StakeForNFT.sol","s":{"1":16,"2":16,"3":9,"4":8,"5":7,"6":6,"7":5,"8":5,"9":5,"10":5,"11":2,"12":2,"13":2,"14":2,"15":2,"16":1,"17":1,"18":1,"19":1,"20":1,"21":3,"22":3,"23":3,"24":1,"25":3,"26":3,"27":3,"28":3,"29":3,"30":1,"31":2,"32":2,"33":2,"34":2,"35":2,"36":2,"37":2,"38":2,"39":2,"40":3,"41":3,"42":60,"43":60,"44":60,"45":3,"46":120,"47":84,"48":36},"b":{"1":[16,0],"2":[16,0],"3":[8,1],"4":[7,1],"5":[6,1],"6":[5,1],"7":[5,0],"8":[2,0],"9":[2,0],"10":[1,1],"11":[1,2],"12":[1,2],"13":[84,36]},"f":{"1":16,"2":9,"3":2,"4":1,"5":3,"6":3,"7":3,"8":3,"9":120},"fnMap":{"1":{"name":"constructor","line":36,"loc":{"start":{"line":36,"column":4},"end":{"line":43,"column":4}}},"2":{"name":"stake","line":49,"loc":{"start":{"line":49,"column":4},"end":{"line":70,"column":4}}},"3":{"name":"claimNFTs","line":75,"loc":{"start":{"line":75,"column":4},"end":{"line":95,"column":4}}},"4":{"name":"mintNFTsToUser","line":100,"loc":{"start":{"line":100,"column":4},"end":{"line":116,"column":4}}},"5":{"name":"generateMetadata","line":124,"loc":{"start":{"line":124,"column":4},"end":{"line":140,"column":4}}},"6":{"name":"_mintNFT","line":145,"loc":{"start":{"line":145,"column":4},"end":{"line":147,"column":4}}},"7":{"name":"uint2str","line":152,"loc":{"start":{"line":152,"column":4},"end":{"line":172,"column":4}}},"8":{"name":"toHexString","line":177,"loc":{"start":{"line":177,"column":4},"end":{"line":187,"column":4}}},"9":{"name":"char","line":192,"loc":{"start":{"line":192,"column":4},"end":{"line":195,"column":4}}}},"statementMap":{"1":{"start":{"line":37,"column":8},"end":{"line":37,"column":88}},"2":{"start":{"line":38,"column":8},"end":{"line":38,"column":84}},"3":{"start":{"line":50,"column":8},"end":{"line":50,"column":95}},"4":{"start":{"line":51,"column":8},"end":{"line":51,"column":84}},"5":{"start":{"line":52,"column":8},"end":{"line":52,"column":91}},"6":{"start":{"line":53,"column":8},"end":{"line":53,"column":93}},"7":{"start":{"line":56,"column":8},"end":{"line":56,"column":71}},"8":{"start":{"line":57,"column":8},"end":{"line":57,"column":54}},"9":{"start":{"line":60,"column":8},"end":{"line":60,"column":52}},"10":{"start":{"line":69,"column":8},"end":{"line":69,"column":39}},"11":{"start":{"line":76,"column":8},"end":{"line":76,"column":101}},"12":{"start":{"line":78,"column":8},"end":{"line":78,"column":52}},"13":{"start":{"line":79,"column":8},"end":{"line":79,"column":37}},"14":{"start":{"line":81,"column":8},"end":{"line":81,"column":83}},"15":{"start":{"line":82,"column":8},"end":{"line":82,"column":50}},"16":{"start":{"line":85,"column":8},"end":{"line":85,"column":54}},"17":{"start":{"line":91,"column":8},"end":{"line":91,"column":68}},"18":{"start":{"line":94,"column":8},"end":{"line":94,"column":60}},"19":{"start":{"line":102,"column":8},"end":{"line":102,"column":32}},"20":{"start":{"line":104,"column":8},"end":{"line":104,"column":3776}},"21":{"start":{"line":106,"column":12},"end":{"line":106,"column":62}},"22":{"start":{"line":109,"column":12},"end":{"line":109,"column":54}},"23":{"start":{"line":110,"column":12},"end":{"line":110,"column":4069}},"24":{"start":{"line":115,"column":8},"end":{"line":115,"column":27}},"25":{"start":{"line":128,"column":8},"end":{"line":128,"column":59}},"26":{"start":{"line":129,"column":8},"end":{"line":129,"column":98}},"27":{"start":{"line":139,"column":8},"end":{"line":139,"column":58}},"28":{"start":{"line":146,"column":8},"end":{"line":146,"column":37}},"29":{"start":{"line":153,"column":8},"end":{"line":153,"column":5734}},"30":{"start":{"line":154,"column":12},"end":{"line":154,"column":22}},"31":{"start":{"line":156,"column":8},"end":{"line":156,"column":22}},"32":{"start":{"line":157,"column":8},"end":{"line":157,"column":22}},"33":{"start":{"line":158,"column":8},"end":{"line":158,"column":5839}},"34":{"start":{"line":162,"column":8},"end":{"line":162,"column":45}},"35":{"start":{"line":163,"column":8},"end":{"line":163,"column":26}},"36":{"start":{"line":164,"column":8},"end":{"line":164,"column":5992}},"37":{"start":{"line":166,"column":12},"end":{"line":166,"column":56}},"38":{"start":{"line":167,"column":12},"end":{"line":167,"column":36}},"39":{"start":{"line":171,"column":8},"end":{"line":171,"column":27}},"40":{"start":{"line":178,"column":8},"end":{"line":178,"column":43}},"41":{"start":{"line":179,"column":8},"end":{"line":179,"column":6430}},"42":{"start":{"line":180,"column":12},"end":{"line":180,"column":80}},"43":{"start":{"line":181,"column":12},"end":{"line":181,"column":45}},"44":{"start":{"line":182,"column":12},"end":{"line":182,"column":57}},"45":{"start":{"line":186,"column":8},"end":{"line":186,"column":29}},"46":{"start":{"line":193,"column":8},"end":{"line":193,"column":6975}},"47":{"start":{"line":193,"column":27},"end":{"line":193,"column":57}},"48":{"start":{"line":194,"column":13},"end":{"line":194,"column":43}}},"branchMap":{"1":{"line":37,"type":"if","locations":[{"start":{"line":37,"column":8},"end":{"line":37,"column":8}},{"start":{"line":37,"column":8},"end":{"line":37,"column":8}}]},"2":{"line":38,"type":"if","locations":[{"start":{"line":38,"column":8},"end":{"line":38,"column":8}},{"start":{"line":38,"column":8},"end":{"line":38,"column":8}}]},"3":{"line":50,"type":"if","locations":[{"start":{"line":50,"column":8},"end":{"line":50,"column":8}},{"start":{"line":50,"column":8},"end":{"line":50,"column":8}}]},"4":{"line":51,"type":"if","locations":[{"start":{"line":51,"column":8},"end":{"line":51,"column":8}},{"start":{"line":51,"column":8},"end":{"line":51,"column":8}}]},"5":{"line":52,"type":"if","locations":[{"start":{"line":52,"column":8},"end":{"line":52,"column":8}},{"start":{"line":52,"column":8},"end":{"line":52,"column":8}}]},"6":{"line":53,"type":"if","locations":[{"start":{"line":53,"column":8},"end":{"line":53,"column":8}},{"start":{"line":53,"column":8},"end":{"line":53,"column":8}}]},"7":{"line":57,"type":"if","locations":[{"start":{"line":57,"column":8},"end":{"line":57,"column":8}},{"start":{"line":57,"column":8},"end":{"line":57,"column":8}}]},"8":{"line":76,"type":"if","locations":[{"start":{"line":76,"column":8},"end":{"line":76,"column":8}},{"start":{"line":76,"column":8},"end":{"line":76,"column":8}}]},"9":{"line":81,"type":"if","locations":[{"start":{"line":81,"column":8},"end":{"line":81,"column":8}},{"start":{"line":81,"column":8},"end":{"line":81,"column":8}}]},"10":{"line":82,"type":"if","locations":[{"start":{"line":82,"column":8},"end":{"line":82,"column":8}},{"start":{"line":82,"column":8},"end":{"line":82,"column":8}}]},"11":{"line":110,"type":"if","locations":[{"start":{"line":110,"column":12},"end":{"line":110,"column":12}},{"start":{"line":110,"column":12},"end":{"line":110,"column":12}}]},"12":{"line":153,"type":"if","locations":[{"start":{"line":153,"column":8},"end":{"line":153,"column":8}},{"start":{"line":153,"column":8},"end":{"line":153,"column":8}}]},"13":{"line":193,"type":"if","locations":[{"start":{"line":193,"column":8},"end":{"line":193,"column":8}},{"start":{"line":193,"column":8},"end":{"line":193,"column":8}}]}}},"contracts/UyArt.sol":{"l":{"53":16,"60":29,"61":28,"68":1,"75":1,"82":2,"83":1,"85":1,"86":1,"89":0,"96":1,"103":4,"104":4,"111":25,"112":25,"113":24,"120":5,"121":5,"124":5,"127":5,"128":5,"131":5,"134":5,"141":6,"142":5,"150":0,"157":0,"158":0,"169":2,"170":1,"171":1,"176":1,"183":6,"184":6,"191":1,"192":1,"199":2,"200":1,"201":1,"208":3,"215":6,"216":6,"217":6,"224":9,"231":121,"232":120,"239":120,"240":120,"242":119,"243":119,"245":119,"246":119,"248":119,"249":119,"252":119,"254":119,"261":4,"268":0,"275":0,"283":2,"285":2,"286":1,"288":1,"289":1,"292":1,"293":3,"294":3,"295":3,"299":1},"path":"/Users/juancortabarria/Documents/TallerObligatorio/obligatorio_taller/Trabajo1/contracts/UyArt.sol","s":{"1":29,"2":1,"3":1,"4":2,"5":1,"6":1,"7":1,"8":0,"9":1,"10":4,"11":4,"12":25,"13":25,"14":24,"15":5,"16":5,"17":5,"18":5,"19":6,"20":5,"21":0,"22":0,"23":0,"24":2,"25":1,"26":1,"27":1,"28":6,"29":1,"30":1,"31":2,"32":1,"33":3,"34":6,"35":6,"36":6,"37":9,"38":121,"39":120,"40":120,"41":120,"42":119,"43":119,"44":119,"45":119,"46":4,"47":0,"48":0,"49":2,"50":2,"51":1,"52":1,"53":1,"54":1,"55":3,"56":1},"b":{"1":[28,1],"2":[1,1],"3":[1,0],"4":[4,0],"5":[24,1],"6":[5,0],"7":[5,0],"8":[5,1],"9":[0,0],"10":[1,0],"11":[1,0],"12":[1,0],"13":[1,0],"14":[1,1],"15":[6,0],"16":[3,1],"17":[1,1],"18":[120,1],"19":[120,0],"20":[119,1],"21":[119,0],"22":[1,1],"23":[3,0]},"f":{"1":16,"2":29,"3":1,"4":1,"5":2,"6":1,"7":4,"8":25,"9":5,"10":6,"11":0,"12":0,"13":2,"14":6,"15":1,"16":2,"17":3,"18":6,"19":9,"20":121,"21":120,"22":4,"23":0,"24":0,"25":2},"fnMap":{"1":{"name":"constructor","line":52,"loc":{"start":{"line":52,"column":4},"end":{"line":54,"column":4}}},"2":{"name":"setStakingContract","line":59,"loc":{"start":{"line":59,"column":4},"end":{"line":62,"column":4}}},"3":{"name":"name","line":67,"loc":{"start":{"line":67,"column":4},"end":{"line":69,"column":4}}},"4":{"name":"symbol","line":74,"loc":{"start":{"line":74,"column":4},"end":{"line":76,"column":4}}},"5":{"name":"tokenURI","line":81,"loc":{"start":{"line":81,"column":4},"end":{"line":90,"column":4}}},"6":{"name":"_baseURI","line":95,"loc":{"start":{"line":95,"column":4},"end":{"line":97,"column":4}}},"7":{"name":"balanceOf","line":102,"loc":{"start":{"line":102,"column":4},"end":{"line":105,"column":4}}},"8":{"name":"ownerOf","line":110,"loc":{"start":{"line":110,"column":4},"end":{"line":114,"column":4}}},"9":{"name":"_transfer","line":119,"loc":{"start":{"line":119,"column":4},"end":{"line":135,"column":4}}},"10":{"name":"transferFrom","line":140,"loc":{"start":{"line":140,"column":4},"end":{"line":143,"column":4}}},"11":{"name":"safeTransferFrom","line":149,"loc":{"start":{"line":149,"column":4},"end":{"line":151,"column":4}}},"12":{"name":"safeTransferFrom","line":156,"loc":{"start":{"line":156,"column":4},"end":{"line":163,"column":4}}},"13":{"name":"approve","line":168,"loc":{"start":{"line":168,"column":4},"end":{"line":177,"column":4}}},"14":{"name":"_approve","line":182,"loc":{"start":{"line":182,"column":4},"end":{"line":185,"column":4}}},"15":{"name":"getApproved","line":190,"loc":{"start":{"line":190,"column":4},"end":{"line":193,"column":4}}},"16":{"name":"setApprovalForAll","line":198,"loc":{"start":{"line":198,"column":4},"end":{"line":202,"column":4}}},"17":{"name":"isApprovedForAll","line":207,"loc":{"start":{"line":207,"column":4},"end":{"line":209,"column":4}}},"18":{"name":"_isApprovedOrOwner","line":214,"loc":{"start":{"line":214,"column":4},"end":{"line":218,"column":4}}},"19":{"name":"_exists","line":223,"loc":{"start":{"line":223,"column":4},"end":{"line":225,"column":4}}},"20":{"name":"mint","line":230,"loc":{"start":{"line":230,"column":4},"end":{"line":233,"column":4}}},"21":{"name":"_mint","line":238,"loc":{"start":{"line":238,"column":4},"end":{"line":255,"column":4}}},"22":{"name":"totalSupply","line":260,"loc":{"start":{"line":260,"column":4},"end":{"line":262,"column":4}}},"23":{"name":"maxSupply","line":267,"loc":{"start":{"line":267,"column":4},"end":{"line":269,"column":4}}},"24":{"name":"generateTokenURI","line":274,"loc":{"start":{"line":274,"column":4},"end":{"line":276,"column":4}}},"25":{"name":"tokensOfOwner","line":282,"loc":{"start":{"line":282,"column":4},"end":{"line":301,"column":4}}}},"statementMap":{"1":{"start":{"line":60,"column":8},"end":{"line":60,"column":105}},"2":{"start":{"line":68,"column":8},"end":{"line":68,"column":20}},"3":{"start":{"line":75,"column":8},"end":{"line":75,"column":22}},"4":{"start":{"line":82,"column":8},"end":{"line":82,"column":74}},"5":{"start":{"line":83,"column":8},"end":{"line":83,"column":42}},"6":{"start":{"line":85,"column":8},"end":{"line":85,"column":2690}},"7":{"start":{"line":86,"column":12},"end":{"line":86,"column":73}},"8":{"start":{"line":89,"column":8},"end":{"line":89,"column":22}},"9":{"start":{"line":96,"column":8},"end":{"line":96,"column":24}},"10":{"start":{"line":103,"column":8},"end":{"line":103,"column":80}},"11":{"start":{"line":104,"column":8},"end":{"line":104,"column":31}},"12":{"start":{"line":111,"column":8},"end":{"line":111,"column":40}},"13":{"start":{"line":112,"column":8},"end":{"line":112,"column":89}},"14":{"start":{"line":113,"column":8},"end":{"line":113,"column":20}},"15":{"start":{"line":120,"column":8},"end":{"line":120,"column":84}},"16":{"start":{"line":121,"column":8},"end":{"line":121,"column":71}},"17":{"start":{"line":124,"column":8},"end":{"line":124,"column":36}},"18":{"start":{"line":134,"column":8},"end":{"line":134,"column":40}},"19":{"start":{"line":141,"column":8},"end":{"line":141,"column":93}},"20":{"start":{"line":142,"column":8},"end":{"line":142,"column":35}},"21":{"start":{"line":150,"column":8},"end":{"line":150,"column":46}},"22":{"start":{"line":157,"column":8},"end":{"line":157,"column":93}},"23":{"start":{"line":158,"column":8},"end":{"line":158,"column":35}},"24":{"start":{"line":169,"column":8},"end":{"line":169,"column":40}},"25":{"start":{"line":170,"column":8},"end":{"line":170,"column":70}},"26":{"start":{"line":171,"column":8},"end":{"line":171,"column":5770}},"27":{"start":{"line":176,"column":8},"end":{"line":176,"column":28}},"28":{"start":{"line":184,"column":8},"end":{"line":184,"column":52}},"29":{"start":{"line":191,"column":8},"end":{"line":191,"column":83}},"30":{"start":{"line":192,"column":8},"end":{"line":192,"column":39}},"31":{"start":{"line":199,"column":8},"end":{"line":199,"column":71}},"32":{"start":{"line":201,"column":8},"end":{"line":201,"column":59}},"33":{"start":{"line":208,"column":8},"end":{"line":208,"column":50}},"34":{"start":{"line":215,"column":8},"end":{"line":215,"column":83}},"35":{"start":{"line":216,"column":8},"end":{"line":216,"column":40}},"36":{"start":{"line":217,"column":8},"end":{"line":217,"column":108}},"37":{"start":{"line":224,"column":8},"end":{"line":224,"column":45}},"38":{"start":{"line":231,"column":8},"end":{"line":231,"column":97}},"39":{"start":{"line":232,"column":8},"end":{"line":232,"column":39}},"40":{"start":{"line":239,"column":8},"end":{"line":239,"column":69}},"41":{"start":{"line":240,"column":8},"end":{"line":240,"column":81}},"42":{"start":{"line":242,"column":8},"end":{"line":242,"column":41}},"43":{"start":{"line":248,"column":8},"end":{"line":248,"column":8606}},"44":{"start":{"line":252,"column":8},"end":{"line":252,"column":46}},"45":{"start":{"line":254,"column":8},"end":{"line":254,"column":22}},"46":{"start":{"line":261,"column":8},"end":{"line":261,"column":34}},"47":{"start":{"line":268,"column":8},"end":{"line":268,"column":25}},"48":{"start":{"line":275,"column":8},"end":{"line":275,"column":24}},"49":{"start":{"line":283,"column":8},"end":{"line":283,"column":46}},"50":{"start":{"line":285,"column":8},"end":{"line":285,"column":9660}},"51":{"start":{"line":286,"column":12},"end":{"line":286,"column":35}},"52":{"start":{"line":288,"column":12},"end":{"line":288,"column":63}},"53":{"start":{"line":289,"column":12},"end":{"line":289,"column":31}},"54":{"start":{"line":292,"column":12},"end":{"line":292,"column":9923}},"55":{"start":{"line":293,"column":16},"end":{"line":293,"column":10016}},"56":{"start":{"line":299,"column":12},"end":{"line":299,"column":25}}},"branchMap":{"1":{"line":60,"type":"if","locations":[{"start":{"line":60,"column":8},"end":{"line":60,"column":8}},{"start":{"line":60,"column":8},"end":{"line":60,"column":8}}]},"2":{"line":82,"type":"if","locations":[{"start":{"line":82,"column":8},"end":{"line":82,"column":8}},{"start":{"line":82,"column":8},"end":{"line":82,"column":8}}]},"3":{"line":85,"type":"if","locations":[{"start":{"line":85,"column":8},"end":{"line":85,"column":8}},{"start":{"line":85,"column":8},"end":{"line":85,"column":8}}]},"4":{"line":103,"type":"if","locations":[{"start":{"line":103,"column":8},"end":{"line":103,"column":8}},{"start":{"line":103,"column":8},"end":{"line":103,"column":8}}]},"5":{"line":112,"type":"if","locations":[{"start":{"line":112,"column":8},"end":{"line":112,"column":8}},{"start":{"line":112,"column":8},"end":{"line":112,"column":8}}]},"6":{"line":120,"type":"if","locations":[{"start":{"line":120,"column":8},"end":{"line":120,"column":8}},{"start":{"line":120,"column":8},"end":{"line":120,"column":8}}]},"7":{"line":121,"type":"if","locations":[{"start":{"line":121,"column":8},"end":{"line":121,"column":8}},{"start":{"line":121,"column":8},"end":{"line":121,"column":8}}]},"8":{"line":141,"type":"if","locations":[{"start":{"line":141,"column":8},"end":{"line":141,"column":8}},{"start":{"line":141,"column":8},"end":{"line":141,"column":8}}]},"9":{"line":157,"type":"if","locations":[{"start":{"line":157,"column":8},"end":{"line":157,"column":8}},{"start":{"line":157,"column":8},"end":{"line":157,"column":8}}]},"10":{"line":170,"type":"if","locations":[{"start":{"line":170,"column":8},"end":{"line":170,"column":8}},{"start":{"line":170,"column":8},"end":{"line":170,"column":8}}]},"11":{"line":171,"type":"if","locations":[{"start":{"line":171,"column":8},"end":{"line":171,"column":8}},{"start":{"line":171,"column":8},"end":{"line":171,"column":8}}]},"12":{"line":172,"type":"cond-expr","locations":[{"start":{"line":172,"column":12},"end":{"line":172,"column":30}},{"start":{"line":172,"column":35},"end":{"line":172,"column":69}}]},"13":{"line":191,"type":"if","locations":[{"start":{"line":191,"column":8},"end":{"line":191,"column":8}},{"start":{"line":191,"column":8},"end":{"line":191,"column":8}}]},"14":{"line":199,"type":"if","locations":[{"start":{"line":199,"column":8},"end":{"line":199,"column":8}},{"start":{"line":199,"column":8},"end":{"line":199,"column":8}}]},"15":{"line":215,"type":"if","locations":[{"start":{"line":215,"column":8},"end":{"line":215,"column":8}},{"start":{"line":215,"column":8},"end":{"line":215,"column":8}}]},"16":{"line":217,"type":"cond-expr","locations":[{"start":{"line":217,"column":16},"end":{"line":217,"column":31}},{"start":{"line":217,"column":36},"end":{"line":217,"column":70}}]},"17":{"line":217,"type":"cond-expr","locations":[{"start":{"line":217,"column":16},"end":{"line":217,"column":70}},{"start":{"line":217,"column":75},"end":{"line":217,"column":106}}]},"18":{"line":231,"type":"if","locations":[{"start":{"line":231,"column":8},"end":{"line":231,"column":8}},{"start":{"line":231,"column":8},"end":{"line":231,"column":8}}]},"19":{"line":239,"type":"if","locations":[{"start":{"line":239,"column":8},"end":{"line":239,"column":8}},{"start":{"line":239,"column":8},"end":{"line":239,"column":8}}]},"20":{"line":240,"type":"if","locations":[{"start":{"line":240,"column":8},"end":{"line":240,"column":8}},{"start":{"line":240,"column":8},"end":{"line":240,"column":8}}]},"21":{"line":248,"type":"if","locations":[{"start":{"line":248,"column":8},"end":{"line":248,"column":8}},{"start":{"line":248,"column":8},"end":{"line":248,"column":8}}]},"22":{"line":285,"type":"if","locations":[{"start":{"line":285,"column":8},"end":{"line":285,"column":8}},{"start":{"line":285,"column":8},"end":{"line":285,"column":8}}]},"23":{"line":293,"type":"if","locations":[{"start":{"line":293,"column":16},"end":{"line":293,"column":16}},{"start":{"line":293,"column":16},"end":{"line":293,"column":16}}]}}}}